<?xml version="1.0" encoding="UTF-8"?>
<!-- Generated by org.testng.reporters.JUnitReportReporter -->
<testsuite hostname="DESKTOP-RRT4IJ6" failures="0" tests="1" name="com.web.test.automation.runner.Playground" time="90.469" errors="0" timestamp="2025-03-18T12:07:36 IST" skipped="0">
  <testcase classname="com.web.test.automation.runner.Playground" name="scenario" time="90.469"/>
  <system-out/>
</testsuite> <!-- com.web.test.automation.runner.Playground -->
